{"level":"error","message":"/api/v1/user/signup notNull Violation: users.id cannot be null,\nnotNull Violation: users.first_name cannot be null,\nnotNull Violation: users.last_name cannot be null,\nnotNull Violation: users.email cannot be null,\nnotNull Violation: users.password cannot be null","timestamp":"2023-12-25T06:13:57.888Z"}
{"level":"error","message":"/api/v1/user/signup notNull Violation: users.id cannot be null,\nnotNull Violation: users.first_name cannot be null,\nnotNull Violation: users.last_name cannot be null,\nnotNull Violation: users.email cannot be null,\nnotNull Violation: users.password cannot be null","timestamp":"2023-12-25T06:20:52.573Z"}
{"level":"error","message":"/api/v1/user/signup notNull Violation: users.id cannot be null,\nnotNull Violation: users.first_name cannot be null,\nnotNull Violation: users.last_name cannot be null,\nnotNull Violation: users.email cannot be null,\nnotNull Violation: users.password cannot be null","timestamp":"2023-12-25T06:21:41.381Z"}
{"level":"error","message":"/api/v1/user/signup notNull Violation: users.id cannot be null,\nnotNull Violation: users.first_name cannot be null,\nnotNull Violation: users.last_name cannot be null,\nnotNull Violation: users.email cannot be null,\nnotNull Violation: users.password cannot be null","timestamp":"2023-12-25T06:21:43.007Z"}
{"level":"error","message":"/api/v1/user/signup notNull Violation: users.id cannot be null,\nnotNull Violation: users.first_name cannot be null,\nnotNull Violation: users.last_name cannot be null,\nnotNull Violation: users.email cannot be null,\nnotNull Violation: users.password cannot be null","timestamp":"2023-12-25T06:21:44.055Z"}
{"level":"error","message":"/api/v1/user/signup notNull Violation: users.id cannot be null,\nnotNull Violation: users.first_name cannot be null,\nnotNull Violation: users.last_name cannot be null,\nnotNull Violation: users.email cannot be null,\nnotNull Violation: users.password cannot be null","timestamp":"2023-12-25T06:21:51.550Z"}
{"level":"error","message":"/api/v1/user/signup notNull Violation: users.id cannot be null,\nnotNull Violation: users.first_name cannot be null,\nnotNull Violation: users.last_name cannot be null","timestamp":"2023-12-25T06:36:46.802Z"}
{"level":"error","message":"/api/v1/user/signup notNull Violation: users.id cannot be null,\nnotNull Violation: users.last_name cannot be null","timestamp":"2023-12-25T06:37:55.788Z"}
{"level":"error","message":"/api/v1/user/signup notNull Violation: users.id cannot be null,\nnotNull Violation: users.last_name cannot be null","timestamp":"2023-12-25T06:38:08.718Z"}
{"level":"error","message":"/api/v1/user/signup notNull Violation: users.id cannot be null,\nnotNull Violation: users.last_name cannot be null","timestamp":"2023-12-25T06:38:10.398Z"}
{"level":"error","message":"/api/v1/user/signup notNull Violation: users.id cannot be null","timestamp":"2023-12-25T06:40:49.893Z"}
{"level":"error","message":"/api/v1/user/signup userCheck is not defined","timestamp":"2023-12-25T06:45:32.978Z"}
{"level":"error","message":"/api/v1/user/signup findOne is not defined","timestamp":"2023-12-25T06:46:46.316Z"}
{"level":"error","message":"/api/v1/user/signup user is not defined","timestamp":"2023-12-25T06:51:11.212Z"}
{"level":"error","message":"/api/v1/user/signup user is not defined","timestamp":"2023-12-25T06:53:26.172Z"}
{"level":"error","message":"user create employeeCheck is not defined","timestamp":"2023-12-25T07:00:14.058Z"}
{"level":"error","message":"user create result is not defined","timestamp":"2023-12-25T07:00:45.733Z"}
{"level":"error","message":"user create token is not defined","timestamp":"2024-04-08T09:12:23.285Z"}
{"level":"error","message":"user create user is not defined","timestamp":"2024-04-08T09:15:44.116Z"}
{"level":"error","message":"Order create Cannot read properties of undefined (reading 'findById')","timestamp":"2024-04-08T09:18:04.366Z"}
{"level":"error","message":"Order create Cannot read properties of undefined (reading 'findById')","timestamp":"2024-04-08T09:18:58.023Z"}
{"level":"error","message":"Order create Cannot read properties of undefined (reading 'findById')","timestamp":"2024-04-08T09:19:21.603Z"}
{"level":"error","message":"Order create User is not defined","timestamp":"2024-04-08T09:20:03.644Z"}
{"level":"error","message":"Order create Cannot read properties of undefined (reading 'findById')","timestamp":"2024-04-08T09:20:37.023Z"}
{"level":"error","message":"Order create Cannot read properties of undefined (reading 'findById')","timestamp":"2024-04-08T09:20:53.227Z"}
{"level":"error","message":"Order create Cannot read properties of undefined (reading 'findOne')","timestamp":"2024-04-08T09:22:01.160Z"}
{"level":"error","message":"Order create Cannot read properties of undefined (reading 'findOne')","timestamp":"2024-04-08T09:22:17.899Z"}
{"level":"error","message":"updateOrderInformation password is not defined","timestamp":"2024-04-08T09:45:44.846Z"}
